#
# There is insufficient memory for the Java Runtime Environment to continue.
# Native memory allocation (malloc) failed to allocate 1023056 bytes for Chunk::new
# Possible reasons:
#   The system is out of physical RAM or swap space
#   The process is running with CompressedOops enabled, and the Java Heap may be blocking the growth of the native heap
# Possible solutions:
#   Reduce memory load on the system
#   Increase physical memory or swap space
#   Check if swap backing store is full
#   Decrease Java heap size (-Xmx/-Xms)
#   Decrease number of Java threads
#   Decrease Java thread stack sizes (-Xss)
#   Set larger code cache with -XX:ReservedCodeCacheSize=
#   JVM is running with Zero Based Compressed Oops mode in which the Java heap is
#     placed in the first 32GB address space. The Java Heap base address is the
#     maximum limit for the native heap growth. Please use -XX:HeapBaseMinAddress
#     to set the Java Heap base and to place the Java Heap above 32GB virtual address.
# This output file may be truncated or incomplete.
#
#  Out of Memory Error (arena.cpp:189), pid=19144, tid=24024
#
# JRE version: Java(TM) SE Runtime Environment (17.0.3.1+2) (build 17.0.3.1+2-LTS-6)
# Java VM: Java HotSpot(TM) 64-Bit Server VM (17.0.3.1+2-LTS-6, mixed mode, sharing, tiered, compressed oops, compressed class ptrs, g1 gc, windows-amd64)
# No core dump will be written. Minidumps are not enabled by default on client versions of Windows
#

---------------  S U M M A R Y ------------

Command Line: -javaagent:C:\Program Files\JetBrains\IntelliJ IDEA Community Edition 2020.3.2\lib\idea_rt.jar=61301:C:\Program Files\JetBrains\IntelliJ IDEA Community Edition 2020.3.2\bin -Dfile.encoding=UTF-8 com.springcrudapp.fullstackbackend.FullstackBackendApplication

Host: 11th Gen Intel(R) Core(TM) i7-1165G7 @ 2.80GHz, 8 cores, 15G,  Windows 11 , 64 bit Build 22000 (10.0.22000.708)
Time: Sun Oct  2 16:51:34 2022 Eastern Daylight Time elapsed time: 1772.022527 seconds (0d 0h 29m 32s)

---------------  T H R E A D  ---------------

Current thread (0x00000260ff5142d0):  JavaThread "C2 CompilerThread0" daemon [_thread_in_native, id=24024, stack(0x00000069d6b00000,0x00000069d6c00000)]


Current CompileTask:
C2:1772022 5309       4       sun.security.ssl.SSLAlgorithmConstraints::permits (96 bytes)

Stack: [0x00000069d6b00000,0x00000069d6c00000]
Native frames: (J=compiled Java code, j=interpreted, Vv=VM code, C=native code)
V  [jvm.dll+0x6711ba]
V  [jvm.dll+0x7d0834]
V  [jvm.dll+0x7d1fde]
V  [jvm.dll+0x7d2643]
V  [jvm.dll+0x242c85]
V  [jvm.dll+0xaa57b]
V  [jvm.dll+0xaab0c]
V  [jvm.dll+0x2a99df]
V  [jvm.dll+0x579889]
V  [jvm.dll+0x21defd]
V  [jvm.dll+0x21e2df]
V  [jvm.dll+0x217bb5]
V  [jvm.dll+0x21507b]
V  [jvm.dll+0x1a1c3d]
V  [jvm.dll+0x2249c8]
V  [jvm.dll+0x222b2c]
V  [jvm.dll+0x78650b]
V  [jvm.dll+0x780aca]
V  [jvm.dll+0x670045]
C  [ucrtbase.dll+0x26c0c]
C  [KERNEL32.DLL+0x154e0]
C  [ntdll.dll+0x485b]


---------------  P R O C E S S  ---------------

Threads class SMR info:
_java_thread_list=0x000002608c64c7c0, length=34, elements={
0x00000260febe9450, 0x00000260febea000, 0x00000260ff510820, 0x00000260ff5111d0,
0x00000260ff511b80, 0x00000260ff512530, 0x00000260ff5142d0, 0x00000260ff517ac0,
0x00000260ff529f50, 0x00000260ff624d50, 0x0000026087eb9190, 0x0000026087eb9660,
0x000002608c13d010, 0x000002608c000040, 0x000002608b10fc80, 0x000002608a4fd9f0,
0x000002608bfccc20, 0x000002608c85f510, 0x000002608c85d830, 0x000002608c85ce90,
0x000002608c85c9c0, 0x000002608c85feb0, 0x000002608c85e6a0, 0x000002608c85eb70,
0x000002608c85f9e0, 0x000002608c85d360, 0x000002608c85f040, 0x000002608c85dd00,
0x000002608c85c4f0, 0x000002608dede270, 0x000002608ded7890, 0x000002608dedbbf0,
0x000002608c5f91d0, 0x000002608e129010
}

Java Threads: ( => current thread )
  0x00000260febe9450 JavaThread "Reference Handler" daemon [_thread_blocked, id=8008, stack(0x00000069d6500000,0x00000069d6600000)]
  0x00000260febea000 JavaThread "Finalizer" daemon [_thread_blocked, id=3640, stack(0x00000069d6600000,0x00000069d6700000)]
  0x00000260ff510820 JavaThread "Signal Dispatcher" daemon [_thread_blocked, id=24568, stack(0x00000069d6700000,0x00000069d6800000)]
  0x00000260ff5111d0 JavaThread "Attach Listener" daemon [_thread_blocked, id=6512, stack(0x00000069d6800000,0x00000069d6900000)]
  0x00000260ff511b80 JavaThread "Service Thread" daemon [_thread_blocked, id=7696, stack(0x00000069d6900000,0x00000069d6a00000)]
  0x00000260ff512530 JavaThread "Monitor Deflation Thread" daemon [_thread_blocked, id=19196, stack(0x00000069d6a00000,0x00000069d6b00000)]
=>0x00000260ff5142d0 JavaThread "C2 CompilerThread0" daemon [_thread_in_native, id=24024, stack(0x00000069d6b00000,0x00000069d6c00000)]
  0x00000260ff517ac0 JavaThread "C1 CompilerThread0" daemon [_thread_blocked, id=3748, stack(0x00000069d6c00000,0x00000069d6d00000)]
  0x00000260ff529f50 JavaThread "Sweeper thread" daemon [_thread_blocked, id=24572, stack(0x00000069d6d00000,0x00000069d6e00000)]
  0x00000260ff624d50 JavaThread "Common-Cleaner" daemon [_thread_blocked, id=12860, stack(0x00000069d6e00000,0x00000069d6f00000)]
  0x0000026087eb9190 JavaThread "Monitor Ctrl-Break" daemon [_thread_in_native, id=22520, stack(0x00000069d7000000,0x00000069d7100000)]
  0x0000026087eb9660 JavaThread "Notification Thread" daemon [_thread_blocked, id=19116, stack(0x00000069d7100000,0x00000069d7200000)]
  0x000002608c13d010 JavaThread "Catalina-utility-1" [_thread_blocked, id=10080, stack(0x00000069d7c00000,0x00000069d7d00000)]
  0x000002608c000040 JavaThread "Catalina-utility-2" [_thread_blocked, id=16692, stack(0x00000069d7d00000,0x00000069d7e00000)]
  0x000002608b10fc80 JavaThread "container-0" [_thread_blocked, id=18904, stack(0x00000069d7e00000,0x00000069d7f00000)]
  0x000002608a4fd9f0 JavaThread "mysql-cj-abandoned-connection-cleanup" daemon [_thread_blocked, id=4456, stack(0x00000069d7f00000,0x00000069d8000000)]
  0x000002608bfccc20 JavaThread "HikariPool-1 housekeeper" daemon [_thread_blocked, id=15616, stack(0x00000069d8100000,0x00000069d8200000)]
  0x000002608c85f510 JavaThread "http-nio-8080-exec-1" daemon [_thread_blocked, id=14620, stack(0x00000069d8300000,0x00000069d8400000)]
  0x000002608c85d830 JavaThread "http-nio-8080-exec-2" daemon [_thread_blocked, id=9244, stack(0x00000069d8400000,0x00000069d8500000)]
  0x000002608c85ce90 JavaThread "http-nio-8080-exec-3" daemon [_thread_blocked, id=19936, stack(0x00000069d8500000,0x00000069d8600000)]
  0x000002608c85c9c0 JavaThread "http-nio-8080-exec-4" daemon [_thread_blocked, id=19884, stack(0x00000069d8600000,0x00000069d8700000)]
  0x000002608c85feb0 JavaThread "http-nio-8080-exec-5" daemon [_thread_blocked, id=4036, stack(0x00000069d8700000,0x00000069d8800000)]
  0x000002608c85e6a0 JavaThread "http-nio-8080-exec-6" daemon [_thread_blocked, id=11740, stack(0x00000069d8800000,0x00000069d8900000)]
  0x000002608c85eb70 JavaThread "http-nio-8080-exec-7" daemon [_thread_blocked, id=14836, stack(0x00000069d8900000,0x00000069d8a00000)]
  0x000002608c85f9e0 JavaThread "http-nio-8080-exec-8" daemon [_thread_blocked, id=7536, stack(0x00000069d8a00000,0x00000069d8b00000)]
  0x000002608c85d360 JavaThread "http-nio-8080-exec-9" daemon [_thread_blocked, id=13896, stack(0x00000069d8b00000,0x00000069d8c00000)]
  0x000002608c85f040 JavaThread "http-nio-8080-exec-10" daemon [_thread_blocked, id=8612, stack(0x00000069d8c00000,0x00000069d8d00000)]
  0x000002608c85dd00 JavaThread "http-nio-8080-Poller" daemon [_thread_in_native, id=5728, stack(0x00000069d8d00000,0x00000069d8e00000)]
  0x000002608c85c4f0 JavaThread "http-nio-8080-Acceptor" daemon [_thread_in_native, id=20660, stack(0x00000069d8e00000,0x00000069d8f00000)]
  0x000002608dede270 JavaThread "DestroyJavaVM" [_thread_blocked, id=2476, stack(0x00000069d5e00000,0x00000069d5f00000)]
  0x000002608ded7890 JavaThread "HikariPool-1 connection closer" daemon [_thread_blocked, id=21580, stack(0x00000069d5b00000,0x00000069d5c00000)]
  0x000002608dedbbf0 JavaThread "HikariPool-1 connection adder" daemon [_thread_blocked, id=15712, stack(0x00000069d5c00000,0x00000069d5d00000)]
  0x000002608c5f91d0 JavaThread "C2 CompilerThread1" daemon [_thread_in_native, id=16128, stack(0x00000069d6f00000,0x00000069d7000000)]
  0x000002608e129010 JavaThread "C2 CompilerThread2" daemon [_thread_in_native, id=8948, stack(0x00000069d7900000,0x00000069d7a00000)]

Other Threads:
  0x00000260febe39b0 VMThread "VM Thread" [stack: 0x00000069d6400000,0x00000069d6500000] [id=3720]
  0x00000260ff799cc0 WatcherThread [stack: 0x00000069d7200000,0x00000069d7300000] [id=23932]
  0x00000260e3e82b60 GCTaskThread "GC Thread#0" [stack: 0x00000069d5f00000,0x00000069d6000000] [id=18692]
  0x00000260882912a0 GCTaskThread "GC Thread#1" [stack: 0x00000069d7300000,0x00000069d7400000] [id=12436]
  0x000002608869cf70 GCTaskThread "GC Thread#2" [stack: 0x00000069d7400000,0x00000069d7500000] [id=4540]
  0x000002608869d220 GCTaskThread "GC Thread#3" [stack: 0x00000069d7500000,0x00000069d7600000] [id=22324]
  0x000002608869d4d0 GCTaskThread "GC Thread#4" [stack: 0x00000069d7600000,0x00000069d7700000] [id=25016]
  0x000002608869d780 GCTaskThread "GC Thread#5" [stack: 0x00000069d7700000,0x00000069d7800000] [id=16308]
  0x00000260881917a0 GCTaskThread "GC Thread#6" [stack: 0x00000069d7800000,0x00000069d7900000] [id=16156]
  0x0000026088a65690 GCTaskThread "GC Thread#7" [stack: 0x00000069d7a00000,0x00000069d7b00000] [id=22456]
  0x00000260e3e947d0 ConcurrentGCThread "G1 Main Marker" [stack: 0x00000069d6000000,0x00000069d6100000] [id=13680]
  0x00000260e3e95980 ConcurrentGCThread "G1 Conc#0" [stack: 0x00000069d6100000,0x00000069d6200000] [id=22440]
  0x000002608900d880 ConcurrentGCThread "G1 Conc#1" [stack: 0x00000069d7b00000,0x00000069d7c00000] [id=24032]
  0x00000260fea9bb40 ConcurrentGCThread "G1 Refine#0" [stack: 0x00000069d6200000,0x00000069d6300000] [id=22708]
  0x00000260fea9d410 ConcurrentGCThread "G1 Service" [stack: 0x00000069d6300000,0x00000069d6400000] [id=22812]

Threads with active compile tasks:
C2 CompilerThread0  1772046 5309       4       sun.security.ssl.SSLAlgorithmConstraints::permits (96 bytes)
C2 CompilerThread1  1772046 5314       4       sun.security.util.AlgorithmDecomposer::decomposeImpl (128 bytes)
C2 CompilerThread2  1772046 5323       4       sun.security.util.math.intpoly.IntegerPolynomialP256::square (613 bytes)

VM state: not at safepoint (normal execution)

VM Mutex/Monitor currently owned by a thread: None

Heap address: 0x0000000704400000, size: 4028 MB, Compressed Oops mode: Zero based, Oop shift amount: 3

CDS archive(s) mapped at: [0x0000000800000000-0x0000000800bc0000-0x0000000800bc0000), size 12320768, SharedBaseAddress: 0x0000000800000000, ArchiveRelocationMode: 0.
Compressed class space mapped at: 0x0000000800c00000-0x0000000840c00000, reserved size: 1073741824
Narrow klass base: 0x0000000800000000, Narrow klass shift: 0, Narrow klass range: 0x100000000

GC Precious Log:
 CPUs: 8 total, 8 available
 Memory: 16110M
 Large Page Support: Disabled
 NUMA Support: Disabled
 Compressed Oops: Enabled (Zero based)
 Heap Region Size: 2M
 Heap Min Capacity: 8M
 Heap Initial Capacity: 252M
 Heap Max Capacity: 4028M
 Pre-touch: Disabled
 Parallel Workers: 8
 Concurrent Workers: 2
 Concurrent Refinement Workers: 8
 Periodic GC: Disabled

Heap:
 garbage-first heap   total 69632K, used 27095K [0x0000000704400000, 0x0000000800000000)
  region size 2048K, 6 young (12288K), 2 survivors (4096K)
 Metaspace       used 57861K, committed 58240K, reserved 1105920K
  class space    used 7714K, committed 7872K, reserved 1048576K

Heap Regions: E=young(eden), S=young(survivor), O=old, HS=humongous(starts), HC=humongous(continues), CS=collection set, F=free, OA=open archive, CA=closed archive, TAMS=top-at-mark-start (previous, next)
|   0|0x0000000704400000, 0x0000000704600000, 0x0000000704600000|100%| O|  |TAMS 0x0000000704600000, 0x0000000704400000| Untracked 
|   1|0x0000000704600000, 0x0000000704800000, 0x0000000704800000|100%| O|  |TAMS 0x0000000704800000, 0x0000000704600000| Untracked 
|   2|0x0000000704800000, 0x0000000704a00000, 0x0000000704a00000|100%| O|  |TAMS 0x0000000704a00000, 0x0000000704800000| Untracked 
|   3|0x0000000704a00000, 0x0000000704c00000, 0x0000000704c00000|100%| O|  |TAMS 0x0000000704c00000, 0x0000000704a00000| Untracked 
|   4|0x0000000704c00000, 0x0000000704e00000, 0x0000000704e00000|100%| O|  |TAMS 0x0000000704e00000, 0x0000000704c00000| Untracked 
|   5|0x0000000704e00000, 0x0000000705000000, 0x0000000705000000|100%| O|  |TAMS 0x0000000705000000, 0x0000000704e00000| Untracked 
|   6|0x0000000705000000, 0x0000000705200000, 0x0000000705200000|100%| O|  |TAMS 0x0000000705200000, 0x0000000705000000| Untracked 
|   7|0x0000000705200000, 0x00000007053e1600, 0x0000000705400000| 94%| O|  |TAMS 0x0000000705200000, 0x0000000705200000| Untracked 
|   8|0x0000000705400000, 0x0000000705600000, 0x0000000705600000|100%| O|  |TAMS 0x0000000705600000, 0x0000000705400000| Untracked 
|   9|0x0000000705600000, 0x0000000705800000, 0x0000000705800000|100%| O|  |TAMS 0x00000007057c3200, 0x0000000705600000| Untracked 
|  10|0x0000000705800000, 0x0000000705800000, 0x0000000705a00000|  0%| F|  |TAMS 0x0000000705800000, 0x0000000705800000| Untracked 
|  11|0x0000000705a00000, 0x0000000705a00000, 0x0000000705c00000|  0%| F|  |TAMS 0x0000000705a00000, 0x0000000705a00000| Untracked 
|  12|0x0000000705c00000, 0x0000000705c00000, 0x0000000705e00000|  0%| F|  |TAMS 0x0000000705c00000, 0x0000000705c00000| Untracked 
|  13|0x0000000705e00000, 0x0000000705e00000, 0x0000000706000000|  0%| F|  |TAMS 0x0000000705e00000, 0x0000000705e00000| Untracked 
|  14|0x0000000706000000, 0x0000000706000000, 0x0000000706200000|  0%| F|  |TAMS 0x0000000706000000, 0x0000000706000000| Untracked 
|  15|0x0000000706200000, 0x0000000706200000, 0x0000000706400000|  0%| F|  |TAMS 0x0000000706200000, 0x0000000706200000| Untracked 
|  16|0x0000000706400000, 0x0000000706494650, 0x0000000706600000| 28%| S|CS|TAMS 0x0000000706400000, 0x0000000706400000| Complete 
|  17|0x0000000706600000, 0x0000000706600000, 0x0000000706800000|  0%| F|  |TAMS 0x0000000706600000, 0x0000000706600000| Untracked 
|  18|0x0000000706800000, 0x0000000706800000, 0x0000000706a00000|  0%| F|  |TAMS 0x0000000706800000, 0x0000000706800000| Untracked 
|  19|0x0000000706a00000, 0x0000000706c00000, 0x0000000706c00000|100%| S|CS|TAMS 0x0000000706a00000, 0x0000000706a00000| Complete 
|  20|0x0000000706c00000, 0x0000000706c00000, 0x0000000706e00000|  0%| F|  |TAMS 0x0000000706c00000, 0x0000000706c00000| Untracked 
|  21|0x0000000706e00000, 0x0000000706e00000, 0x0000000707000000|  0%| F|  |TAMS 0x0000000706e00000, 0x0000000706e00000| Untracked 
|  22|0x0000000707000000, 0x0000000707000000, 0x0000000707200000|  0%| F|  |TAMS 0x0000000707000000, 0x0000000707000000| Untracked 
|  23|0x0000000707200000, 0x0000000707200000, 0x0000000707400000|  0%| F|  |TAMS 0x0000000707200000, 0x0000000707200000| Untracked 
|  24|0x0000000707400000, 0x0000000707400000, 0x0000000707600000|  0%| F|  |TAMS 0x0000000707400000, 0x0000000707400000| Untracked 
|  25|0x0000000707600000, 0x0000000707600000, 0x0000000707800000|  0%| F|  |TAMS 0x0000000707600000, 0x0000000707600000| Untracked 
|  26|0x0000000707800000, 0x0000000707800000, 0x0000000707a00000|  0%| F|  |TAMS 0x0000000707800000, 0x0000000707800000| Untracked 
|  27|0x0000000707a00000, 0x0000000707a00000, 0x0000000707c00000|  0%| F|  |TAMS 0x0000000707a00000, 0x0000000707a00000| Untracked 
|  28|0x0000000707c00000, 0x0000000707c00000, 0x0000000707e00000|  0%| F|  |TAMS 0x0000000707c00000, 0x0000000707c00000| Untracked 
|  29|0x0000000707e00000, 0x0000000707e00000, 0x0000000708000000|  0%| F|  |TAMS 0x0000000707e00000, 0x0000000707e00000| Untracked 
|  30|0x0000000708000000, 0x00000007081f40e8, 0x0000000708200000| 97%| E|  |TAMS 0x0000000708000000, 0x0000000708000000| Complete 
|  70|0x000000070d000000, 0x000000070d200000, 0x000000070d200000|100%| E|CS|TAMS 0x000000070d000000, 0x000000070d000000| Complete 
|  71|0x000000070d200000, 0x000000070d400000, 0x000000070d400000|100%| E|CS|TAMS 0x000000070d200000, 0x000000070d200000| Complete 
| 125|0x0000000713e00000, 0x0000000714000000, 0x0000000714000000|100%| E|  |TAMS 0x0000000713e00000, 0x0000000713e00000| Complete 

Card table byte_map: [0x00000260fb1a0000,0x00000260fb980000] _byte_map_base: 0x00000260f797e000

Marking Bits (Prev, Next): (CMBitMap*) 0x00000260e3e831b0, (CMBitMap*) 0x00000260e3e83170
 Prev Bits: [0x0000026083ef0000, 0x0000026087de0000)
 Next Bits: [0x0000026080000000, 0x0000026083ef0000)

Polling page: 0x00000260e35f0000

Metaspace:

Usage:
  Non-class:     48.97 MB used.
      Class:      7.53 MB used.
       Both:     56.51 MB used.

Virtual space:
  Non-class space:       56.00 MB reserved,      49.19 MB ( 88%) committed,  7 nodes.
      Class space:        1.00 GB reserved,       7.69 MB ( <1%) committed,  1 nodes.
             Both:        1.05 GB reserved,      56.88 MB (  5%) committed. 

Chunk freelists:
   Non-Class:  2.41 MB
       Class:  216.00 KB
        Both:  2.62 MB

MaxMetaspaceSize: unlimited
CompressedClassSpaceSize: 1.00 GB
Initial GC threshold: 21.00 MB
Current GC threshold: 83.88 MB
CDS: on
MetaspaceReclaimPolicy: balanced
 - commit_granule_bytes: 65536.
 - commit_granule_words: 8192.
 - virtual_space_node_default_size: 1048576.
 - enlarge_chunks_in_place: 1.
 - new_chunks_are_fully_committed: 0.
 - uncommit_free_chunks: 1.
 - use_allocation_guard: 0.
 - handle_deallocations: 1.


Internal statistics:

num_allocs_failed_limit: 12.
num_arena_births: 416.
num_arena_deaths: 0.
num_vsnodes_births: 8.
num_vsnodes_deaths: 0.
num_space_committed: 910.
num_space_uncommitted: 0.
num_chunks_returned_to_freelist: 12.
num_chunks_taken_from_freelist: 2404.
num_chunk_merges: 3.
num_chunk_splits: 1708.
num_chunks_enlarged: 1365.
num_purges: 0.
num_inconsistent_stats: 0.

CodeHeap 'non-profiled nmethods': size=120000Kb used=2757Kb max_used=2914Kb free=117243Kb
 bounds [0x00000260f3160000, 0x00000260f3450000, 0x00000260fa690000]
CodeHeap 'profiled nmethods': size=120000Kb used=9384Kb max_used=10515Kb free=110615Kb
 bounds [0x00000260ebc30000, 0x00000260ec680000, 0x00000260f3160000]
CodeHeap 'non-nmethods': size=5760Kb used=1335Kb max_used=1373Kb free=4424Kb
 bounds [0x00000260eb690000, 0x00000260eb900000, 0x00000260ebc30000]
 total_blobs=5198 nmethods=4549 adapters=560
 compilation: enabled
              stopped_count=0, restarted_count=0
 full_count=0

Compilation events (20 events):
Event: 1771.976 Thread 0x00000260ff517ac0 5329       3       sun.security.ssl.SSLConfiguration::getEnabledExtensions (79 bytes)
Event: 1771.977 Thread 0x00000260ff517ac0 nmethod 5329 0x00000260ebd5df90 code [0x00000260ebd5e1e0, 0x00000260ebd5efb8]
Event: 1771.977 Thread 0x00000260ff517ac0 5330       3       java.util.Arrays::hashCode (44 bytes)
Event: 1771.977 Thread 0x00000260ff517ac0 nmethod 5330 0x00000260ebd48e90 code [0x00000260ebd49040, 0x00000260ebd49258]
Event: 1771.977 Thread 0x00000260ff517ac0 5332       1       sun.security.rsa.RSAPublicKeyImpl::getModulus (5 bytes)
Event: 1771.977 Thread 0x00000260ff517ac0 nmethod 5332 0x00000260f33f2410 code [0x00000260f33f25a0, 0x00000260f33f2678]
Event: 1771.978 Thread 0x00000260ff517ac0 5333       3       sun.security.jca.ProviderList::getServices (11 bytes)
Event: 1771.978 Thread 0x00000260ff517ac0 nmethod 5333 0x00000260ebd48a10 code [0x00000260ebd48bc0, 0x00000260ebd48d88]
Event: 1771.978 Thread 0x00000260ff517ac0 5336       3       sun.security.jca.ProviderList$ServiceList::iterator (9 bytes)
Event: 1771.978 Thread 0x00000260ff517ac0 nmethod 5336 0x00000260ebd48490 code [0x00000260ebd48640, 0x00000260ebd488d8]
Event: 1771.978 Thread 0x00000260ff517ac0 5337       3       sun.security.jca.ProviderList$ServiceList$1::<init> (10 bytes)
Event: 1771.978 Thread 0x00000260ff517ac0 nmethod 5337 0x00000260ebd48090 code [0x00000260ebd48220, 0x00000260ebd483f8]
Event: 1771.978 Thread 0x00000260ff517ac0 5338       3       sun.security.jca.ProviderList$ServiceList$1::hasNext (20 bytes)
Event: 1771.978 Thread 0x00000260ff517ac0 nmethod 5338 0x00000260ebd47c90 code [0x00000260ebd47e40, 0x00000260ebd47fe8]
Event: 1771.978 Thread 0x00000260ff517ac0 5334       3       sun.security.provider.SHA5::<init> (27 bytes)
Event: 1771.979 Thread 0x00000260ff517ac0 nmethod 5334 0x00000260ebdcc210 code [0x00000260ebdcc3e0, 0x00000260ebdcc928]
Event: 1771.979 Thread 0x00000260ff517ac0 5335       3       sun.security.provider.SHA5$SHA384::<init> (12 bytes)
Event: 1771.979 Thread 0x00000260ff517ac0 nmethod 5335 0x00000260ebdcb890 code [0x00000260ebdcba60, 0x00000260ebdcc028]
Event: 1771.980 Thread 0x00000260ff517ac0 5340   !   3       javax.crypto.JceSecurity::getVerificationResult (226 bytes)
Event: 1771.980 Thread 0x00000260ff517ac0 nmethod 5340 0x00000260ebc9bf10 code [0x00000260ebc9c1e0, 0x00000260ebc9ce68]

GC Heap History (20 events):
Event: 0.994 GC heap before
{Heap before GC invocations=1 (full 0):
 garbage-first heap   total 258048K, used 31024K [0x0000000704400000, 0x0000000800000000)
  region size 2048K, 14 young (28672K), 2 survivors (4096K)
 Metaspace       used 12567K, committed 12736K, reserved 1064960K
  class space    used 1536K, committed 1600K, reserved 1048576K
}
Event: 0.998 GC heap after
{Heap after GC invocations=2 (full 0):
 garbage-first heap   total 258048K, used 7613K [0x0000000704400000, 0x0000000800000000)
  region size 2048K, 1 young (2048K), 1 survivors (2048K)
 Metaspace       used 12567K, committed 12736K, reserved 1064960K
  class space    used 1536K, committed 1600K, reserved 1048576K
}
Event: 1.967 GC heap before
{Heap before GC invocations=2 (full 0):
 garbage-first heap   total 258048K, used 60861K [0x0000000704400000, 0x0000000800000000)
  region size 2048K, 28 young (57344K), 1 survivors (2048K)
 Metaspace       used 21269K, committed 21504K, reserved 1073152K
  class space    used 2675K, committed 2816K, reserved 1048576K
}
Event: 1.971 GC heap after
{Heap after GC invocations=3 (full 0):
 garbage-first heap   total 258048K, used 11524K [0x0000000704400000, 0x0000000800000000)
  region size 2048K, 3 young (6144K), 3 survivors (6144K)
 Metaspace       used 21269K, committed 21504K, reserved 1073152K
  class space    used 2675K, committed 2816K, reserved 1048576K
}
Event: 2.455 GC heap before
{Heap before GC invocations=4 (full 0):
 garbage-first heap   total 55296K, used 38148K [0x0000000704400000, 0x0000000800000000)
  region size 2048K, 16 young (32768K), 3 survivors (6144K)
 Metaspace       used 26466K, committed 26816K, reserved 1073152K
  class space    used 3344K, committed 3520K, reserved 1048576K
}
Event: 2.461 GC heap after
{Heap after GC invocations=5 (full 0):
 garbage-first heap   total 55296K, used 14337K [0x0000000704400000, 0x0000000800000000)
  region size 2048K, 2 young (4096K), 2 survivors (4096K)
 Metaspace       used 26466K, committed 26816K, reserved 1073152K
  class space    used 3344K, committed 3520K, reserved 1048576K
}
Event: 2.494 GC heap before
{Heap before GC invocations=5 (full 0):
 garbage-first heap   total 55296K, used 14337K [0x0000000704400000, 0x0000000800000000)
  region size 2048K, 3 young (6144K), 2 survivors (4096K)
 Metaspace       used 26590K, committed 26880K, reserved 1073152K
  class space    used 3367K, committed 3520K, reserved 1048576K
}
Event: 2.497 GC heap after
{Heap after GC invocations=6 (full 0):
 garbage-first heap   total 55296K, used 14742K [0x0000000704400000, 0x0000000800000000)
  region size 2048K, 1 young (2048K), 1 survivors (2048K)
 Metaspace       used 26590K, committed 26880K, reserved 1073152K
  class space    used 3367K, committed 3520K, reserved 1048576K
}
Event: 2.846 GC heap before
{Heap before GC invocations=6 (full 0):
 garbage-first heap   total 55296K, used 35222K [0x0000000704400000, 0x0000000800000000)
  region size 2048K, 11 young (22528K), 1 survivors (2048K)
 Metaspace       used 32416K, committed 32768K, reserved 1081344K
  class space    used 4316K, committed 4480K, reserved 1048576K
}
Event: 2.848 GC heap after
{Heap after GC invocations=7 (full 0):
 garbage-first heap   total 157696K, used 15365K [0x0000000704400000, 0x0000000800000000)
  region size 2048K, 1 young (2048K), 1 survivors (2048K)
 Metaspace       used 32416K, committed 32768K, reserved 1081344K
  class space    used 4316K, committed 4480K, reserved 1048576K
}
Event: 3.000 GC heap before
{Heap before GC invocations=7 (full 0):
 garbage-first heap   total 157696K, used 23557K [0x0000000704400000, 0x0000000800000000)
  region size 2048K, 6 young (12288K), 1 survivors (2048K)
 Metaspace       used 35796K, committed 36096K, reserved 1081344K
  class space    used 4694K, committed 4864K, reserved 1048576K
}
Event: 3.003 GC heap after
{Heap after GC invocations=8 (full 0):
 garbage-first heap   total 157696K, used 16664K [0x0000000704400000, 0x0000000800000000)
  region size 2048K, 2 young (4096K), 2 survivors (4096K)
 Metaspace       used 35796K, committed 36096K, reserved 1081344K
  class space    used 4694K, committed 4864K, reserved 1048576K
}
Event: 3.639 GC heap before
{Heap before GC invocations=9 (full 0):
 garbage-first heap   total 69632K, used 53528K [0x0000000704400000, 0x0000000800000000)
  region size 2048K, 20 young (40960K), 2 survivors (4096K)
 Metaspace       used 45499K, committed 45824K, reserved 1089536K
  class space    used 6102K, committed 6272K, reserved 1048576K
}
Event: 3.643 GC heap after
{Heap after GC invocations=10 (full 0):
 garbage-first heap   total 69632K, used 18730K [0x0000000704400000, 0x0000000800000000)
  region size 2048K, 3 young (6144K), 3 survivors (6144K)
 Metaspace       used 45499K, committed 45824K, reserved 1089536K
  class space    used 6102K, committed 6272K, reserved 1048576K
}
Event: 3.691 GC heap before
{Heap before GC invocations=10 (full 0):
 garbage-first heap   total 69632K, used 20778K [0x0000000704400000, 0x0000000800000000)
  region size 2048K, 4 young (8192K), 3 survivors (6144K)
 Metaspace       used 45936K, committed 46272K, reserved 1089536K
  class space    used 6178K, committed 6336K, reserved 1048576K
}
Event: 3.696 GC heap after
{Heap after GC invocations=11 (full 0):
 garbage-first heap   total 69632K, used 18715K [0x0000000704400000, 0x0000000800000000)
  region size 2048K, 1 young (2048K), 1 survivors (2048K)
 Metaspace       used 45936K, committed 46272K, reserved 1089536K
  class space    used 6178K, committed 6336K, reserved 1048576K
}
Event: 4.239 GC heap before
{Heap before GC invocations=11 (full 0):
 garbage-first heap   total 69632K, used 47387K [0x0000000704400000, 0x0000000800000000)
  region size 2048K, 15 young (30720K), 1 survivors (2048K)
 Metaspace       used 50980K, committed 51328K, reserved 1097728K
  class space    used 6877K, committed 7040K, reserved 1048576K
}
Event: 4.242 GC heap after
{Heap after GC invocations=12 (full 0):
 garbage-first heap   total 69632K, used 20655K [0x0000000704400000, 0x0000000800000000)
  region size 2048K, 2 young (4096K), 2 survivors (4096K)
 Metaspace       used 50980K, committed 51328K, reserved 1097728K
  class space    used 6877K, committed 7040K, reserved 1048576K
}
Event: 13.087 GC heap before
{Heap before GC invocations=13 (full 0):
 garbage-first heap   total 69632K, used 47279K [0x0000000704400000, 0x0000000800000000)
  region size 2048K, 16 young (32768K), 2 survivors (4096K)
 Metaspace       used 56274K, committed 56576K, reserved 1097728K
  class space    used 7549K, committed 7680K, reserved 1048576K
}
Event: 13.094 GC heap after
{Heap after GC invocations=14 (full 0):
 garbage-first heap   total 69632K, used 22999K [0x0000000704400000, 0x0000000800000000)
  region size 2048K, 2 young (4096K), 2 survivors (4096K)
 Metaspace       used 56274K, committed 56576K, reserved 1097728K
  class space    used 7549K, committed 7680K, reserved 1048576K
}

Deoptimization events (20 events):
Event: 13.203 Thread 0x000002608c85d830 DEOPT PACKING pc=0x00000260f329e8d4 sp=0x00000069d84fcd20
Event: 13.203 Thread 0x000002608c85d830 DEOPT UNPACKING pc=0x00000260eb6e5c23 sp=0x00000069d84fcc48 mode 2
Event: 13.473 Thread 0x000002608c85c9c0 Uncommon trap: trap_request=0xffffff54 fr.pc=0x00000260f32dc2f0 relative=0x0000000000004fd0
Event: 13.473 Thread 0x000002608c85c9c0 Uncommon trap: reason=speculate_null_assert action=make_not_entrant pc=0x00000260f32dc2f0 method=java.lang.invoke.MethodType$ConcurrentWeakInternSet.add(Ljava/lang/Object;)Ljava/lang/Object; @ 47 c2
Event: 13.473 Thread 0x000002608c85c9c0 DEOPT PACKING pc=0x00000260f32dc2f0 sp=0x00000069d86fddc0
Event: 13.473 Thread 0x000002608c85c9c0 DEOPT UNPACKING pc=0x00000260eb6e5c23 sp=0x00000069d86fdd68 mode 2
Event: 15.110 Thread 0x000002608c85eb70 Uncommon trap: trap_request=0xffffff45 fr.pc=0x00000260f31a189c relative=0x00000000000002dc
Event: 15.110 Thread 0x000002608c85eb70 Uncommon trap: reason=unstable_if action=reinterpret pc=0x00000260f31a189c method=java.util.HashMap.getNode(Ljava/lang/Object;)Ljava/util/HashMap$Node; @ 66 c2
Event: 15.110 Thread 0x000002608c85eb70 DEOPT PACKING pc=0x00000260f31a189c sp=0x00000069d89fc9c0
Event: 15.110 Thread 0x000002608c85eb70 DEOPT UNPACKING pc=0x00000260eb6e5c23 sp=0x00000069d89fc950 mode 2
Event: 15.113 Thread 0x000002608c85eb70 DEOPT PACKING pc=0x00000260ec4a6756 sp=0x00000069d89f9800
Event: 15.113 Thread 0x000002608c85eb70 DEOPT UNPACKING pc=0x00000260eb6e6763 sp=0x00000069d89f8cc0 mode 0
Event: 1771.969 Thread 0x000002608dedbbf0 Uncommon trap: trap_request=0xffffffcc fr.pc=0x00000260f33c4b98 relative=0x0000000000003c38
Event: 1771.969 Thread 0x000002608dedbbf0 Uncommon trap: reason=intrinsic_or_type_checked_inlining action=make_not_entrant pc=0x00000260f33c4b98 method=java.util.ArrayList$SubList.toArray([Ljava/lang/Object;)[Ljava/lang/Object; @ 58 c2
Event: 1771.969 Thread 0x000002608dedbbf0 DEOPT PACKING pc=0x00000260f33c4b98 sp=0x00000069d5cfe180
Event: 1771.969 Thread 0x000002608dedbbf0 DEOPT UNPACKING pc=0x00000260eb6e5c23 sp=0x00000069d5cfdff0 mode 2
Event: 1771.976 Thread 0x000002608dedbbf0 DEOPT PACKING pc=0x00000260ec55f4aa sp=0x00000069d5cfddb0
Event: 1771.976 Thread 0x000002608dedbbf0 DEOPT UNPACKING pc=0x00000260eb6e6763 sp=0x00000069d5cfd250 mode 0
Event: 1771.978 Thread 0x000002608dedbbf0 DEOPT PACKING pc=0x00000260ec55f4aa sp=0x00000069d5cfdc10
Event: 1771.978 Thread 0x000002608dedbbf0 DEOPT UNPACKING pc=0x00000260eb6e6763 sp=0x00000069d5cfd0b0 mode 0

Classes unloaded (0 events):
No events

Classes redefined (0 events):
No events

Internal exceptions (20 events):
Event: 4.172 Thread 0x00000260e3e18a50 Exception <a 'java/lang/ClassNotFoundException'{0x0000000706cab0e8}: org/springframework/web/servlet/config/annotation/DelegatingWebMvcConfigurationCustomizer> (0x0000000706cab0e8) 
thrown [t:\workspace\open\src\hotspot\share\classfile\systemDictionary.cpp, line 256]
Event: 4.172 Thread 0x00000260e3e18a50 Exception <a 'java/lang/ClassNotFoundException'{0x0000000706cb3348}: org/springframework/boot/autoconfigure/web/servlet/WebMvcAutoConfiguration$EnableWebMvcConfigurationCustomizer> (0x0000000706cb3348) 
thrown [t:\workspace\open\src\hotspot\share\classfile\systemDictionary.cpp, line 256]
Event: 4.173 Thread 0x00000260e3e18a50 Exception <a 'java/lang/ClassNotFoundException'{0x0000000706cc4660}: org/springframework/context/ResourceLoaderAwareCustomizer> (0x0000000706cc4660) 
thrown [t:\workspace\open\src\hotspot\share\classfile\systemDictionary.cpp, line 256]
Event: 4.173 Thread 0x00000260e3e18a50 Exception <a 'java/lang/ClassNotFoundException'{0x0000000706cc87e8}: org/springframework/beans/factory/AwareCustomizer> (0x0000000706cc87e8) 
thrown [t:\workspace\open\src\hotspot\share\classfile\systemDictionary.cpp, line 256]
Event: 4.173 Thread 0x00000260e3e18a50 Exception <a 'java/lang/ClassNotFoundException'{0x0000000706ccbcb0}: org/springframework/context/ApplicationContextAwareCustomizer> (0x0000000706ccbcb0) 
thrown [t:\workspace\open\src\hotspot\share\classfile\systemDictionary.cpp, line 256]
Event: 4.173 Thread 0x00000260e3e18a50 Exception <a 'java/lang/ClassNotFoundException'{0x0000000706cd0928}: org/springframework/beans/factory/AwareCustomizer> (0x0000000706cd0928) 
thrown [t:\workspace\open\src\hotspot\share\classfile\systemDictionary.cpp, line 256]
Event: 4.174 Thread 0x00000260e3e18a50 Exception <a 'java/lang/ClassNotFoundException'{0x0000000706cd3dc8}: org/springframework/web/context/ServletContextAwareCustomizer> (0x0000000706cd3dc8) 
thrown [t:\workspace\open\src\hotspot\share\classfile\systemDictionary.cpp, line 256]
Event: 4.174 Thread 0x00000260e3e18a50 Exception <a 'java/lang/ClassNotFoundException'{0x0000000706cd8388}: org/springframework/beans/factory/AwareCustomizer> (0x0000000706cd8388) 
thrown [t:\workspace\open\src\hotspot\share\classfile\systemDictionary.cpp, line 256]
Event: 4.293 Thread 0x00000260e3e18a50 Exception <a 'java/lang/NoSuchMethodError'{0x000000070d317a78}: 'void java.lang.invoke.DirectMethodHandle$Holder.invokeVirtual(java.lang.Object, java.lang.Object, int)'> (0x000000070d317a78) 
thrown [t:\workspace\open\src\hotspot\share\interpreter\linkResolver.cpp, line 766]
Event: 4.294 Thread 0x00000260e3e18a50 Exception <a 'java/lang/NoSuchMethodError'{0x000000070d332620}: 'void java.lang.invoke.DirectMethodHandle$Holder.invokeVirtual(java.lang.Object, java.lang.Object, long)'> (0x000000070d332620) 
thrown [t:\workspace\open\src\hotspot\share\interpreter\linkResolver.cpp, line 766]
Event: 4.401 Thread 0x00000260e3e18a50 Exception <a 'java/lang/IncompatibleClassChangeError'{0x0000000707f37328}: Found class java.lang.Object, but interface was expected> (0x0000000707f37328) 
thrown [t:\workspace\open\src\hotspot\share\interpreter\linkResolver.cpp, line 833]
Event: 4.459 Thread 0x00000260e3e18a50 Implicit null exception at 0x00000260f326bcba to 0x00000260f326bec4
Event: 4.503 Thread 0x00000260e3e18a50 Exception <a 'java/lang/NoSuchMethodError'{0x00000007078f22a8}: 'java.lang.Object java.lang.invoke.DirectMethodHandle$Holder.invokeSpecial(java.lang.Object, java.lang.Object, int, java.lang.Object, int, java.lang.Object)'> (0x00000007078f22a8) 
thrown [t:\workspace\open\src\hotspot\share\interpreter\linkResolver.cpp, line 766]
Event: 4.503 Thread 0x00000260e3e18a50 Exception <a 'java/lang/NoSuchMethodError'{0x00000007078fa0a8}: 'java.lang.Object java.lang.invoke.DirectMethodHandle$Holder.newInvokeSpecial(java.lang.Object, java.lang.Object, int, java.lang.Object, int)'> (0x00000007078fa0a8) 
thrown [t:\workspace\open\src\hotspot\share\interpreter\linkResolver.cpp, line 766]
Event: 4.503 Thread 0x00000260e3e18a50 Exception <a 'java/lang/NoSuchMethodError'{0x00000007078fe1a8}: 'java.lang.Object java.lang.invoke.DirectMethodHandle$Holder.invokeSpecial(java.lang.Object, java.lang.Object, java.lang.Object, int, java.lang.Object, int)'> (0x00000007078fe1a8) 
thrown [t:\workspace\open\src\hotspot\share\interpreter\linkResolver.cpp, line 766]
Event: 4.505 Thread 0x00000260e3e18a50 Exception <a 'java/lang/NoSuchMethodError'{0x0000000707908190}: 'void java.lang.invoke.DirectMethodHandle$Holder.invokeVirtual(java.lang.Object, java.lang.Object)'> (0x0000000707908190) 
thrown [t:\workspace\open\src\hotspot\share\interpreter\linkResolver.cpp, line 766]
Event: 13.098 Thread 0x000002608c85f510 Exception <a 'java/lang/NoSuchMethodError'{0x0000000713e13f30}: 'java.lang.Object java.lang.invoke.DirectMethodHandle$Holder.invokeInterface(java.lang.Object, java.lang.Object, java.lang.Object, java.lang.Object)'> (0x0000000713e13f30) 
thrown [t:\workspace\open\src\hotspot\share\interpreter\linkResolver.cpp, line 766]
Event: 13.122 Thread 0x000002608c85f510 Exception <a 'java/lang/NoSuchMethodError'{0x0000000713ec85f0}: 'java.lang.Object java.lang.invoke.DirectMethodHandle$Holder.invokeStaticInit(java.lang.Object, java.lang.Object, java.lang.Object, java.lang.Object, java.lang.Object, java.lang.Object)'> (0x0000000713ec85f0) 
thrown [t:\workspace\open\src\hotspot\share\interpreter\linkResolver.cpp, line 766]
Event: 1771.965 Thread 0x000002608ded7890 Exception <a 'java/io/IOException'{0x00000007080a9fe0}> (0x00000007080a9fe0) 
thrown [t:\workspace\open\src\hotspot\share\prims\jni.cpp, line 516]
Event: 1771.965 Thread 0x000002608ded7890 Exception <a 'java/io/IOException'{0x00000007080aab20}> (0x00000007080aab20) 
thrown [t:\workspace\open\src\hotspot\share\prims\jni.cpp, line 516]

VM Operations (20 events):
Event: 212.824 Executing VM operation: Cleanup
Event: 212.824 Executing VM operation: Cleanup done
Event: 263.267 Executing VM operation: Cleanup
Event: 263.267 Executing VM operation: Cleanup done
Event: 303.617 Executing VM operation: Cleanup
Event: 303.618 Executing VM operation: Cleanup done
Event: 379.269 Executing VM operation: Cleanup
Event: 379.269 Executing VM operation: Cleanup done
Event: 574.054 Executing VM operation: Cleanup
Event: 574.054 Executing VM operation: Cleanup done
Event: 973.639 Executing VM operation: Cleanup
Event: 973.639 Executing VM operation: Cleanup done
Event: 1009.868 Executing VM operation: Cleanup
Event: 1009.868 Executing VM operation: Cleanup done
Event: 1185.119 Executing VM operation: Cleanup
Event: 1185.119 Executing VM operation: Cleanup done
Event: 1343.235 Executing VM operation: Cleanup
Event: 1343.235 Executing VM operation: Cleanup done
Event: 1724.910 Executing VM operation: Cleanup
Event: 1724.910 Executing VM operation: Cleanup done

Events (20 events):
Event: 13.167 loading class java/util/stream/DoubleStream done
Event: 13.182 loading class org/w3c/dom/Document
Event: 13.182 loading class org/w3c/dom/Document done
Event: 13.197 loading class java/nio/StringCharBuffer
Event: 13.197 loading class java/nio/StringCharBuffer done
Event: 13.472 Thread 0x00000260ff750a60 Thread exited: 0x00000260ff750a60
Event: 15.122 Thread 0x00000260ff750a60 Thread added: 0x00000260ff750a60
Event: 15.953 Thread 0x00000260ff750a60 Thread exited: 0x00000260ff750a60
Event: 1771.961 Thread 0x000002608ded7890 Thread added: 0x000002608ded7890
Event: 1771.961 Thread 0x000002608dedbbf0 Thread added: 0x000002608dedbbf0
Event: 1771.963 loading class sun/security/ssl/Alert
Event: 1771.964 loading class sun/security/ssl/Alert done
Event: 1771.964 loading class sun/security/ssl/Alert$AlertConsumer
Event: 1771.964 loading class sun/security/ssl/Alert$AlertConsumer done
Event: 1771.964 loading class sun/security/ssl/Alert$Level
Event: 1771.964 loading class sun/security/ssl/Alert$Level done
Event: 1771.965 loading class sun/net/ConnectionResetException
Event: 1771.965 loading class sun/net/ConnectionResetException done
Event: 1771.971 Thread 0x000002608c5f91d0 Thread added: 0x000002608c5f91d0
Event: 1771.971 Thread 0x000002608e129010 Thread added: 0x000002608e129010


Dynamic libraries:
0x00007ff6899d0000 - 0x00007ff6899e0000 	C:\Program Files\Java\jdk-17.0.3.1\bin\java.exe
0x00007ffc02e40000 - 0x00007ffc03049000 	C:\WINDOWS\SYSTEM32\ntdll.dll
0x00007ffc00fa0000 - 0x00007ffc0105d000 	C:\WINDOWS\System32\KERNEL32.DLL
0x00007ffc003e0000 - 0x00007ffc0075c000 	C:\WINDOWS\System32\KERNELBASE.dll
0x00007ffc00b10000 - 0x00007ffc00c21000 	C:\WINDOWS\System32\ucrtbase.dll
0x00007ffbe5cb0000 - 0x00007ffbe5cca000 	C:\Program Files\Java\jdk-17.0.3.1\bin\VCRUNTIME140.dll
0x00007ffbfbc80000 - 0x00007ffbfbc98000 	C:\Program Files\Java\jdk-17.0.3.1\bin\jli.dll
0x00007ffc02170000 - 0x00007ffc0221e000 	C:\WINDOWS\System32\ADVAPI32.dll
0x00007ffc00d40000 - 0x00007ffc00de3000 	C:\WINDOWS\System32\msvcrt.dll
0x00007ffc013f0000 - 0x00007ffc0148e000 	C:\WINDOWS\System32\sechost.dll
0x00007ffc02c50000 - 0x00007ffc02d70000 	C:\WINDOWS\System32\RPCRT4.dll
0x00007ffc02280000 - 0x00007ffc0242d000 	C:\WINDOWS\System32\USER32.dll
0x00007ffc00c30000 - 0x00007ffc00c56000 	C:\WINDOWS\System32\win32u.dll
0x00007ffc01dc0000 - 0x00007ffc01de9000 	C:\WINDOWS\System32\GDI32.dll
0x00007ffbeb5e0000 - 0x00007ffbeb885000 	C:\WINDOWS\WinSxS\amd64_microsoft.windows.common-controls_6595b64144ccf1df_6.0.22000.120_none_9d947278b86cc467\COMCTL32.dll
0x00007ffc00760000 - 0x00007ffc00879000 	C:\WINDOWS\System32\gdi32full.dll
0x00007ffc00900000 - 0x00007ffc0099d000 	C:\WINDOWS\System32\msvcp_win.dll
0x00007ffbf7800000 - 0x00007ffbf780a000 	C:\WINDOWS\SYSTEM32\VERSION.dll
0x00007ffc01fc0000 - 0x00007ffc01ff1000 	C:\WINDOWS\System32\IMM32.DLL
0x00007ffbfbd30000 - 0x00007ffbfbd3c000 	C:\Program Files\Java\jdk-17.0.3.1\bin\vcruntime140_1.dll
0x00007ffbe55a0000 - 0x00007ffbe562d000 	C:\Program Files\Java\jdk-17.0.3.1\bin\msvcp140.dll
0x00007ffb62c30000 - 0x00007ffb637f0000 	C:\Program Files\Java\jdk-17.0.3.1\bin\server\jvm.dll
0x00007ffc00f90000 - 0x00007ffc00f98000 	C:\WINDOWS\System32\PSAPI.DLL
0x00007ffbd3f60000 - 0x00007ffbd3f69000 	C:\WINDOWS\SYSTEM32\WSOCK32.dll
0x00007ffbf9230000 - 0x00007ffbf9263000 	C:\WINDOWS\SYSTEM32\WINMM.dll
0x00007ffc016d0000 - 0x00007ffc0173f000 	C:\WINDOWS\System32\WS2_32.dll
0x00007ffbff500000 - 0x00007ffbff518000 	C:\WINDOWS\SYSTEM32\kernel.appcore.dll
0x00007ffbe6030000 - 0x00007ffbe603a000 	C:\Program Files\Java\jdk-17.0.3.1\bin\jimage.dll
0x00007ffbfdb50000 - 0x00007ffbfdd71000 	C:\WINDOWS\SYSTEM32\DBGHELP.DLL
0x00007ffbf2050000 - 0x00007ffbf2081000 	C:\WINDOWS\SYSTEM32\dbgcore.DLL
0x00007ffc00880000 - 0x00007ffc008ff000 	C:\WINDOWS\System32\bcryptPrimitives.dll
0x00007ffbe5d80000 - 0x00007ffbe5d8e000 	C:\Program Files\Java\jdk-17.0.3.1\bin\instrument.dll
0x00007ffbe5b10000 - 0x00007ffbe5b35000 	C:\Program Files\Java\jdk-17.0.3.1\bin\java.dll
0x00007ffbdd960000 - 0x00007ffbdda36000 	C:\Program Files\Java\jdk-17.0.3.1\bin\jsvml.dll
0x00007ffc02430000 - 0x00007ffc02be8000 	C:\WINDOWS\System32\SHELL32.dll
0x00007ffbfe490000 - 0x00007ffbfecf8000 	C:\WINDOWS\SYSTEM32\windows.storage.dll
0x00007ffc01070000 - 0x00007ffc013e9000 	C:\WINDOWS\System32\combase.dll
0x00007ffbfe320000 - 0x00007ffbfe486000 	C:\WINDOWS\SYSTEM32\wintypes.dll
0x00007ffc01ed0000 - 0x00007ffc01fba000 	C:\WINDOWS\System32\SHCORE.dll
0x00007ffc02bf0000 - 0x00007ffc02c4d000 	C:\WINDOWS\System32\shlwapi.dll
0x00007ffc00250000 - 0x00007ffc00271000 	C:\WINDOWS\SYSTEM32\profapi.dll
0x00007ffbe5580000 - 0x00007ffbe5598000 	C:\Program Files\Java\jdk-17.0.3.1\bin\zip.dll
0x00007ffbe5b90000 - 0x00007ffbe5ba9000 	C:\Program Files\Java\jdk-17.0.3.1\bin\net.dll
0x00007ffbfb540000 - 0x00007ffbfb64c000 	C:\WINDOWS\SYSTEM32\WINHTTP.dll
0x00007ffbff930000 - 0x00007ffbff997000 	C:\WINDOWS\system32\mswsock.dll
0x00007ffbe5910000 - 0x00007ffbe5926000 	C:\Program Files\Java\jdk-17.0.3.1\bin\nio.dll
0x00007ffbe50e0000 - 0x00007ffbe50fa000 	C:\Program Files\JetBrains\IntelliJ IDEA Community Edition 2020.3.2\bin\breakgen64.dll
0x00007ffbe5b00000 - 0x00007ffbe5b10000 	C:\Program Files\Java\jdk-17.0.3.1\bin\verify.dll
0x00007ffbe5a00000 - 0x00007ffbe5a09000 	C:\Program Files\Java\jdk-17.0.3.1\bin\management.dll
0x00007ffbe5900000 - 0x00007ffbe590b000 	C:\Program Files\Java\jdk-17.0.3.1\bin\management_ext.dll
0x00007ffbd5a80000 - 0x00007ffbd5a97000 	C:\WINDOWS\system32\napinsp.dll
0x00007ffbd5a60000 - 0x00007ffbd5a7b000 	C:\WINDOWS\system32\pnrpnsp.dll
0x00007ffbfefe0000 - 0x00007ffbff0c8000 	C:\WINDOWS\SYSTEM32\DNSAPI.dll
0x00007ffbfefb0000 - 0x00007ffbfefdd000 	C:\WINDOWS\SYSTEM32\IPHLPAPI.DLL
0x00007ffc01d00000 - 0x00007ffc01d09000 	C:\WINDOWS\System32\NSI.dll
0x00007ffbd5a40000 - 0x00007ffbd5a52000 	C:\WINDOWS\System32\winrnr.dll
0x00007ffbd48a0000 - 0x00007ffbd48b5000 	C:\WINDOWS\system32\wshbth.dll
0x00007ffbd4800000 - 0x00007ffbd481f000 	C:\WINDOWS\system32\nlansp_c.dll
0x00007ffbf5c40000 - 0x00007ffbf5c4a000 	C:\Windows\System32\rasadhlp.dll
0x00007ffbf5ad0000 - 0x00007ffbf5b51000 	C:\WINDOWS\System32\fwpuclnt.dll
0x00007ffbffb70000 - 0x00007ffbffb88000 	C:\WINDOWS\SYSTEM32\CRYPTSP.dll
0x00007ffbff460000 - 0x00007ffbff495000 	C:\WINDOWS\system32\rsaenh.dll
0x00007ffbffa20000 - 0x00007ffbffa49000 	C:\WINDOWS\SYSTEM32\USERENV.dll
0x00007ffbffd00000 - 0x00007ffbffd27000 	C:\WINDOWS\SYSTEM32\bcrypt.dll
0x00007ffbffb90000 - 0x00007ffbffb9c000 	C:\WINDOWS\SYSTEM32\CRYPTBASE.dll
0x00007ffbf9690000 - 0x00007ffbf96a9000 	C:\WINDOWS\SYSTEM32\dhcpcsvc6.DLL
0x00007ffbf9820000 - 0x00007ffbf983e000 	C:\WINDOWS\SYSTEM32\dhcpcsvc.DLL
0x00007ffbe5860000 - 0x00007ffbe586e000 	C:\Program Files\Java\jdk-17.0.3.1\bin\sunmscapi.dll
0x00007ffc009a0000 - 0x00007ffc00b02000 	C:\WINDOWS\System32\CRYPT32.dll
0x00007ffbffcd0000 - 0x00007ffbffcf8000 	C:\WINDOWS\SYSTEM32\ncrypt.dll
0x00007ffbffc90000 - 0x00007ffbffcc7000 	C:\WINDOWS\SYSTEM32\NTASN1.dll
0x00007ffb47ab0000 - 0x00007ffb47ab8000 	C:\WINDOWS\system32\wshunix.dll

dbghelp: loaded successfully - version: 4.0.5 - missing functions: none
symbol engine: initialized successfully - sym options: 0x614 - pdb path: .;C:\Program Files\Java\jdk-17.0.3.1\bin;C:\WINDOWS\SYSTEM32;C:\WINDOWS\WinSxS\amd64_microsoft.windows.common-controls_6595b64144ccf1df_6.0.22000.120_none_9d947278b86cc467;C:\Program Files\Java\jdk-17.0.3.1\bin\server;C:\Program Files\JetBrains\IntelliJ IDEA Community Edition 2020.3.2\bin

VM Arguments:
jvm_args: -javaagent:C:\Program Files\JetBrains\IntelliJ IDEA Community Edition 2020.3.2\lib\idea_rt.jar=61301:C:\Program Files\JetBrains\IntelliJ IDEA Community Edition 2020.3.2\bin -Dfile.encoding=UTF-8 
java_command: com.springcrudapp.fullstackbackend.FullstackBackendApplication
java_class_path (initial): E:\PROJECTS\JavaSpringBootCRUDApp\fullstack-backend\target\classes;C:\Users\moham\.m2\repository\org\springframework\boot\spring-boot-starter-data-jpa\2.7.4\spring-boot-starter-data-jpa-2.7.4.jar;C:\Users\moham\.m2\repository\org\springframework\boot\spring-boot-starter-aop\2.7.4\spring-boot-starter-aop-2.7.4.jar;C:\Users\moham\.m2\repository\org\springframework\spring-aop\5.3.23\spring-aop-5.3.23.jar;C:\Users\moham\.m2\repository\org\aspectj\aspectjweaver\1.9.7\aspectjweaver-1.9.7.jar;C:\Users\moham\.m2\repository\org\springframework\boot\spring-boot-starter-jdbc\2.7.4\spring-boot-starter-jdbc-2.7.4.jar;C:\Users\moham\.m2\repository\com\zaxxer\HikariCP\4.0.3\HikariCP-4.0.3.jar;C:\Users\moham\.m2\repository\org\springframework\spring-jdbc\5.3.23\spring-jdbc-5.3.23.jar;C:\Users\moham\.m2\repository\jakarta\transaction\jakarta.transaction-api\1.3.3\jakarta.transaction-api-1.3.3.jar;C:\Users\moham\.m2\repository\jakarta\persistence\jakarta.persistence-api\2.2.3\jakarta.persistence-api-2.2.3.jar;C:\Users\moham\.m2\repository\org\hibernate\hibernate-core\5.6.11.Final\hibernate-core-5.6.11.Final.jar;C:\Users\moham\.m2\repository\org\jboss\logging\jboss-logging\3.4.3.Final\jboss-logging-3.4.3.Final.jar;C:\Users\moham\.m2\repository\net\bytebuddy\byte-buddy\1.12.17\byte-buddy-1.12.17.jar;C:\Users\moham\.m2\repository\antlr\antlr\2.7.7\antlr-2.7.7.jar;C:\Users\moham\.m2\repository\org\jboss\jandex\2.4.2.Final\jandex-2.4.2.Final.jar;C:\Users\moham\.m2\repository\com\fasterxml\classmate\1.5.1\classmate-1.5.1.jar;C:\Users\moham\.m2\repository\org\hibernate\common\hibernate-commons-annotations\5.1.2.Final\hibernate-commons-annotations-5.1.2.Final.jar;C:\Users\moham\.m2\repository\org\glassfish\jaxb\jaxb-runtime\2.3.6\jaxb-runtime-2.3.6.jar;C:\Users\moham\.m2\repository\org\glassfish\jaxb\txw2\2.3.6\txw2-2.3.6.jar;C:\Users\moham\.m2\repository\com\sun\istack\istack-commons-runtime\3.0.12\istack-commons-runtime-3.0.12.jar;C:\Users\moham\.m2\repository\
Launcher Type: SUN_STANDARD

[Global flags]
     intx CICompilerCount                          = 4                                         {product} {ergonomic}
     uint ConcGCThreads                            = 2                                         {product} {ergonomic}
     uint G1ConcRefinementThreads                  = 8                                         {product} {ergonomic}
   size_t G1HeapRegionSize                         = 2097152                                   {product} {ergonomic}
    uintx GCDrainStackTargetSize                   = 64                                        {product} {ergonomic}
   size_t InitialHeapSize                          = 264241152                                 {product} {ergonomic}
   size_t MarkStackSize                            = 4194304                                   {product} {ergonomic}
   size_t MaxHeapSize                              = 4223664128                                {product} {ergonomic}
   size_t MaxNewSize                               = 2533359616                                {product} {ergonomic}
   size_t MinHeapDeltaBytes                        = 2097152                                   {product} {ergonomic}
   size_t MinHeapSize                              = 8388608                                   {product} {ergonomic}
    uintx NonNMethodCodeHeapSize                   = 5839372                                {pd product} {ergonomic}
    uintx NonProfiledCodeHeapSize                  = 122909434                              {pd product} {ergonomic}
    uintx ProfiledCodeHeapSize                     = 122909434                              {pd product} {ergonomic}
    uintx ReservedCodeCacheSize                    = 251658240                              {pd product} {ergonomic}
     bool SegmentedCodeCache                       = true                                      {product} {ergonomic}
   size_t SoftMaxHeapSize                          = 4223664128                             {manageable} {ergonomic}
     bool UseCompressedClassPointers               = true                           {product lp64_product} {ergonomic}
     bool UseCompressedOops                        = true                           {product lp64_product} {ergonomic}
     bool UseG1GC                                  = true                                      {product} {ergonomic}
     bool UseLargePagesIndividualAllocation        = false                                  {pd product} {ergonomic}

Logging:
Log output configuration:
 #0: stdout all=warning uptime,level,tags
 #1: stderr all=off uptime,level,tags

Environment Variables:
PATH=C:\Program Files\Common Files\Oracle\Java\javapath;C:\WINDOWS\system32;C:\WINDOWS;C:\WINDOWS\System32\Wbem;C:\WINDOWS\System32\WindowsPowerShell\v1.0\;C:\WINDOWS\System32\OpenSSH\;C:\Program Files\Git\cmd;C:\msys64\mingw64\bin;C:\Program Files\nodejs\;C:\ProgramData\chocolatey\bin;C:\Program Files (x86)\Microsoft Group Policy\Windows 11 October 2021 Update (21H2)\PolicyDefinitions\;C:\Program Files\dotnet\;C:\Users\moham\AppData\Local\Microsoft\WindowsApps;C:\Users\moham\AppData\Local\Programs\Microsoft VS Code\bin;C:\msys64\mingw64\bin;C:\Users\moham\AppData\Roaming\npm;C:\Program Files\JetBrains\PyCharm Community Edition 2021.2.1\bin;C:\Users\moham\AppData\Local\Microsoft\WindowsApps;C:\Program Files\MongoDB\Server\5.0\bin;C:\Program Files\heroku\bin;C:\ProgramData\moham\atom\bin
USERNAME=moham
OS=Windows_NT
PROCESSOR_IDENTIFIER=Intel64 Family 6 Model 140 Stepping 1, GenuineIntel



---------------  S Y S T E M  ---------------

OS:
 Windows 11 , 64 bit Build 22000 (10.0.22000.708)
OS uptime: 2 days 5:37 hours

CPU: total 8 (initial active 8) (4 cores per cpu, 2 threads per core) family 6 model 140 stepping 1 microcode 0xa4, cx8, cmov, fxsr, ht, mmx, 3dnowpref, sse, sse2, sse3, ssse3, sse4.1, sse4.2, popcnt, lzcnt, tsc, tscinvbit, avx, avx2, aes, erms, clmul, bmi1, bmi2, adx, avx512f, avx512dq, avx512cd, avx512bw, avx512vl, sha, fma, vzeroupper, avx512_vpopcntdq, avx512_vpclmulqdq, avx512_vaes, avx512_vnni, clflush, clflushopt, clwb, avx512_vbmi2, avx512_vbmi

Memory: 4k page, system-wide physical 16110M (2128M free)
TotalPageFile size 23797M (AvailPageFile size 5M)
current process WorkingSet (physical memory assigned to process): 171M, peak: 253M
current process commit charge ("private bytes"): 273M, peak: 414M

vm_info: Java HotSpot(TM) 64-Bit Server VM (17.0.3.1+2-LTS-6) for windows-amd64 JRE (17.0.3.1+2-LTS-6), built on Apr 25 2022 22:04:21 by "mach5one" with MS VC++ 16.8 / 16.9 (VS2019)

END.
